1                                                       The SAS System                        13:43 Friday, September 11, 2009

NOTE: Copyright (c) 1999-2001 by SAS Institute Inc., Cary, NC, USA. 
NOTE: SAS (r) Proprietary Software Release 8.2 (TS2M0)
      Licensed to GSK US PC-SAS LICENSE, Site 0047144009.
NOTE: This session is executing on the WIN_PRO  platform.



The following hot fixes for SAS version 8.2 have been applied.

    82BA01    82BA04    82BA10    82BA13    82BA14    82BA19
    82BA22    82BA25    82BA27    82BA34    82BA35    82BA37
    82BA41    82BA47    82BA48    82BA53    82BA54    82BA61
    82BA67    82BA72    82BA82    82BA84    82BA91    82BA93
    82BB01    82BB08    82BB12    82BB13    82BB18    82BB19
    82BB24    82BB25    82BB26    82BB27    82BB28    82BB32
    82BB35    82BB39    82BB40    82BB41    82BB44    82BB46
    82BB49    82BB50    82BB51    82BB59    82BB65

    82AS02    82CT07    82ES01    82ES02    82ET01    82FS01
    82GR02    82GR06    82ML01    82MX01    82OC02    82OC05
    82OD06    82PF04    82QC01    82QC02    82QC03    82QC04
    82SB07    82ST01    82ST04    82ST08    82ST11    82ST13
    82ST14    82ST15    82ST16

For a description of the problems addressed by these hot fixes please
refer to http://ftp.sas.com/techsup/download/hotfix/82_win_sbcs.html


NOTE: SAS initialization used:
      real time           1.51 seconds
      cpu time            0.32 seconds
      

NOTE: AUTOEXEC processing beginning; file is E:\cygwin\home\bheckel\code\sas\autoexec.sas.

NOTE: (autoexec.sas): SASROOT is C:\Program Files\SAS Institute\SAS\V8
NOTE: (autoexec.sas): WORK lib is:
NOTE: Libref=   WORK 
      Scope=    Kernel   
      Engine=   V8 
      Access=   TEMP 
      Physical Name= c:\temp\SAS Temporary Files\_TD2816
      File Name= c:\temp\SAS Temporary Files\_TD2816
SYMBOLGEN:  Macro variable HOME resolves to e:/cygwin/home/bheckel
NOTE: Libref L was successfully assigned as follows: 
      Engine:        V8 
      Physical Name: E:\cygwin\home\bheckel\code\sas


NOTE: }}}

NOTE: AUTOEXEC processing completed.

1          /*----------------------------------------------------------------------------
2           * Program Name: convert_to_millions.sas
3           *
4           *      Summary: Use array, _numeric_, exponent demo from "SAS Programming".
5           *
6           *      Created: Wed Jun 02 1999 16:34:28 (Bob Heckel)
7           *----------------------------------------------------------------------------
8           */
9          options linesize=80 pagesize=32767 nodate source source2 notes mprint
10                 symbolgen mlogic obs=max errors=5 nostimer number serror
10       ! merror
11                 noreplace;
12         
13         title; footnote;
14         
15         /* Dummy ds. */
16         data work.demo;
17           infile cards missover;
18           input idnum $  name $  qtr1-qtr4;
19           cards;

NOTE: The data set WORK.DEMO has 3 observations and 6 variables.

23         ;
24         run;
25         proc print data=_LAST_(obs=max) width=minimum; run;

NOTE: There were 3 observations read from the data set WORK.DEMO.
NOTE: The PROCEDURE PRINT printed page 1.

26         
27          /*
28         data convert(drop=i);
29           set work.demo;
30           array nums[*] _numeric_;
31           do i=1 to dim(nums);
32             nums[i] = 1E6 * (nums[i]);
33           end;
34         run;
35          */
36         
37          /* Better */
38         data convert;
39           set demo;
40           array nums _numeric_;
41           do over nums;
42             nums=nums*1E6;
43           end;
44         run;

NOTE: Missing values were generated as a result of performing an operation on 
      missing values.
      Each place is given by: (Number of times) at (Line):(Column).
      2 at 42:14   
NOTE: There were 3 observations read from the data set WORK.DEMO.
NOTE: The data set WORK.CONVERT has 3 observations and 6 variables.

45         
46         proc print data=work.convert noobs;
47           /* The 12 includes the commas themselves. E.g. comma6.-- would show
47       !  commas
48            * only in the 3(000000) observation, the others would be too large
48       !  and
49            * would show no commas. */
50           format _numeric_ comma12.;
51         run;

NOTE: There were 3 observations read from the data set WORK.CONVERT.
NOTE: The PROCEDURE PRINT printed page 2.

NOTE: SAS Institute Inc., SAS Campus Drive, Cary, NC USA 27513-2414
